mode: set
github.com/elissonalvesilva/interview-hash/my-ecommerce/application/use-cases/Products-Checkout.go:17.182,23.2 1 1
github.com/elissonalvesilva/interview-hash/my-ecommerce/application/use-cases/Products-Checkout.go:25.135,29.24 2 1
github.com/elissonalvesilva/interview-hash/my-ecommerce/application/use-cases/Products-Checkout.go:33.2,48.3 7 1
github.com/elissonalvesilva/interview-hash/my-ecommerce/application/use-cases/Products-Checkout.go:29.24,31.3 1 1
github.com/elissonalvesilva/interview-hash/my-ecommerce/application/use-cases/Products-Checkout.go:51.153,54.35 2 1
github.com/elissonalvesilva/interview-hash/my-ecommerce/application/use-cases/Products-Checkout.go:64.2,64.32 1 1
github.com/elissonalvesilva/interview-hash/my-ecommerce/application/use-cases/Products-Checkout.go:54.35,56.26 2 1
github.com/elissonalvesilva/interview-hash/my-ecommerce/application/use-cases/Products-Checkout.go:60.3,61.84 2 1
github.com/elissonalvesilva/interview-hash/my-ecommerce/application/use-cases/Products-Checkout.go:56.26,58.4 1 1
github.com/elissonalvesilva/interview-hash/my-ecommerce/application/use-cases/Products-Checkout.go:67.171,68.50 1 1
github.com/elissonalvesilva/interview-hash/my-ecommerce/application/use-cases/Products-Checkout.go:73.2,73.58 1 1
github.com/elissonalvesilva/interview-hash/my-ecommerce/application/use-cases/Products-Checkout.go:68.50,71.3 2 1
github.com/elissonalvesilva/interview-hash/my-ecommerce/application/use-cases/Products-Checkout.go:76.123,77.61 1 1
github.com/elissonalvesilva/interview-hash/my-ecommerce/application/use-cases/Products-Checkout.go:77.61,78.59 1 1
github.com/elissonalvesilva/interview-hash/my-ecommerce/application/use-cases/Products-Checkout.go:78.59,81.4 2 1
github.com/elissonalvesilva/interview-hash/my-ecommerce/application/use-cases/Products-Checkout.go:85.87,88.35 2 1
github.com/elissonalvesilva/interview-hash/my-ecommerce/application/use-cases/Products-Checkout.go:95.2,95.26 1 1
github.com/elissonalvesilva/interview-hash/my-ecommerce/application/use-cases/Products-Checkout.go:88.35,89.21 1 1
github.com/elissonalvesilva/interview-hash/my-ecommerce/application/use-cases/Products-Checkout.go:89.21,92.4 2 1
github.com/elissonalvesilva/interview-hash/my-ecommerce/infrastructure/db/in-memory/In-Memory-Database.go:24.65,28.2 1 1
github.com/elissonalvesilva/interview-hash/my-ecommerce/infrastructure/db/in-memory/In-Memory-Database.go:30.69,31.38 1 1
github.com/elissonalvesilva/interview-hash/my-ecommerce/infrastructure/db/in-memory/In-Memory-Database.go:37.2,37.46 1 1
github.com/elissonalvesilva/interview-hash/my-ecommerce/infrastructure/db/in-memory/In-Memory-Database.go:31.38,32.28 1 1
github.com/elissonalvesilva/interview-hash/my-ecommerce/infrastructure/db/in-memory/In-Memory-Database.go:32.28,34.4 1 1
github.com/elissonalvesilva/interview-hash/my-ecommerce/infrastructure/db/in-memory/In-Memory-Database.go:40.85,42.38 1 1
github.com/elissonalvesilva/interview-hash/my-ecommerce/infrastructure/db/in-memory/In-Memory-Database.go:48.2,48.57 1 1
github.com/elissonalvesilva/interview-hash/my-ecommerce/infrastructure/db/in-memory/In-Memory-Database.go:42.38,43.76 1 1
github.com/elissonalvesilva/interview-hash/my-ecommerce/infrastructure/db/in-memory/In-Memory-Database.go:43.76,45.4 1 1
github.com/elissonalvesilva/interview-hash/my-ecommerce/infrastructure/db/in-memory/In-Memory-Database.go:51.75,54.24 2 1
github.com/elissonalvesilva/interview-hash/my-ecommerce/infrastructure/db/in-memory/In-Memory-Database.go:64.2,64.12 1 0
github.com/elissonalvesilva/interview-hash/my-ecommerce/infrastructure/db/in-memory/In-Memory-Database.go:55.79,56.29 1 1
github.com/elissonalvesilva/interview-hash/my-ecommerce/infrastructure/db/in-memory/In-Memory-Database.go:57.23,58.27 1 1
github.com/elissonalvesilva/interview-hash/my-ecommerce/infrastructure/db/in-memory/In-Memory-Database.go:59.24,60.26 1 1
github.com/elissonalvesilva/interview-hash/my-ecommerce/infrastructure/db/in-memory/In-Memory-Database.go:61.21,62.25 1 1
github.com/elissonalvesilva/interview-hash/my-ecommerce/infrastructure/db/Product-Checkout-Repository-Implementation.go:12.118,16.2 1 1
github.com/elissonalvesilva/interview-hash/my-ecommerce/infrastructure/db/Product-Checkout-Repository-Implementation.go:18.137,21.35 2 1
github.com/elissonalvesilva/interview-hash/my-ecommerce/infrastructure/db/Product-Checkout-Repository-Implementation.go:35.2,35.20 1 1
github.com/elissonalvesilva/interview-hash/my-ecommerce/infrastructure/db/Product-Checkout-Repository-Implementation.go:21.35,24.25 2 1
github.com/elissonalvesilva/interview-hash/my-ecommerce/infrastructure/db/Product-Checkout-Repository-Implementation.go:24.25,32.4 2 1
github.com/elissonalvesilva/interview-hash/my-ecommerce/infrastructure/db/Product-Checkout-Repository-Implementation.go:38.104,42.29 2 1
github.com/elissonalvesilva/interview-hash/my-ecommerce/infrastructure/db/Product-Checkout-Repository-Implementation.go:46.2,53.3 1 1
github.com/elissonalvesilva/interview-hash/my-ecommerce/infrastructure/db/Product-Checkout-Repository-Implementation.go:42.29,44.3 1 1
github.com/elissonalvesilva/interview-hash/my-ecommerce/domain/entity/Product.go:19.129,21.30 1 1
github.com/elissonalvesilva/interview-hash/my-ecommerce/domain/entity/Product.go:32.2,33.23 2 1
github.com/elissonalvesilva/interview-hash/my-ecommerce/domain/entity/Product.go:44.2,53.3 2 1
github.com/elissonalvesilva/interview-hash/my-ecommerce/domain/entity/Product.go:21.30,30.3 1 1
github.com/elissonalvesilva/interview-hash/my-ecommerce/domain/entity/Product.go:33.23,42.3 1 1
github.com/elissonalvesilva/interview-hash/my-ecommerce/shared/currency/Currency.go:8.43,9.92 1 1
github.com/elissonalvesilva/interview-hash/my-ecommerce/shared/currency/Currency.go:13.2,13.14 1 0
github.com/elissonalvesilva/interview-hash/my-ecommerce/shared/currency/Currency.go:9.92,11.3 1 1
github.com/elissonalvesilva/interview-hash/my-ecommerce/presenters/controllers/Checkout-Controller.go:15.89,19.2 1 1
github.com/elissonalvesilva/interview-hash/my-ecommerce/presenters/controllers/Checkout-Controller.go:21.101,27.22 4 1
github.com/elissonalvesilva/interview-hash/my-ecommerce/presenters/controllers/Checkout-Controller.go:33.2,34.33 2 1
github.com/elissonalvesilva/interview-hash/my-ecommerce/presenters/controllers/Checkout-Controller.go:40.2,44.8 4 1
github.com/elissonalvesilva/interview-hash/my-ecommerce/presenters/controllers/Checkout-Controller.go:27.22,31.3 3 0
github.com/elissonalvesilva/interview-hash/my-ecommerce/presenters/controllers/Checkout-Controller.go:34.33,38.3 3 1
github.com/elissonalvesilva/interview-hash/my-ecommerce/shared/date/Black-Friday.go:7.74,12.44 2 1
github.com/elissonalvesilva/interview-hash/my-ecommerce/shared/date/Black-Friday.go:17.2,17.22 1 1
github.com/elissonalvesilva/interview-hash/my-ecommerce/shared/date/Black-Friday.go:12.44,15.3 2 1
